[2026-04-12 08:15:44] ERROR: Error: Incorrect decimal value: 'NaN' for column 'roi_rate' at row 1
    at Query.onResult (C:\Users\user\Eckard\eckard-backend\node_modules\mysql2\lib\promise\make_done_cb.js:6:24)
    at Query.execute (C:\Users\user\Eckard\eckard-backend\node_modules\mysql2\lib\commands\command.js:36:14)
    at PoolConnection.handlePacket (C:\Users\user\Eckard\eckard-backend\node_modules\mysql2\lib\base\connection.js:552:34)
    at PacketParser.onPacket (C:\Users\user\Eckard\eckard-backend\node_modules\mysql2\lib\base\connection.js:102:12)
    at PacketParser.executeStart (C:\Users\user\Eckard\eckard-backend\node_modules\mysql2\lib\packet_parser.js:75:16)
    at Socket.<anonymous> (C:\Users\user\Eckard\eckard-backend\node_modules\mysql2\lib\base\connection.js:109:25)
    at Socket.emit (node:events:524:28)
    at addChunk (node:internal/streams/readable:561:12)
    at readableAddChunkPushByteMode (node:internal/streams/readable:512:3)
    at Readable.push (node:internal/streams/readable:392:5)
[2026-04-12 08:15:56] ERROR: Error: Incorrect decimal value: 'NaN' for column 'roi_rate' at row 1
    at Query.onResult (C:\Users\user\Eckard\eckard-backend\node_modules\mysql2\lib\promise\make_done_cb.js:6:24)
    at Query.execute (C:\Users\user\Eckard\eckard-backend\node_modules\mysql2\lib\commands\command.js:36:14)
    at PoolConnection.handlePacket (C:\Users\user\Eckard\eckard-backend\node_modules\mysql2\lib\base\connection.js:552:34)
    at PacketParser.onPacket (C:\Users\user\Eckard\eckard-backend\node_modules\mysql2\lib\base\connection.js:102:12)
    at PacketParser.executeStart (C:\Users\user\Eckard\eckard-backend\node_modules\mysql2\lib\packet_parser.js:75:16)
    at Socket.<anonymous> (C:\Users\user\Eckard\eckard-backend\node_modules\mysql2\lib\base\connection.js:109:25)
    at Socket.emit (node:events:524:28)
    at addChunk (node:internal/streams/readable:561:12)
    at readableAddChunkPushByteMode (node:internal/streams/readable:512:3)
    at Readable.push (node:internal/streams/readable:392:5)
[2026-04-12 08:16:30] ERROR: Error: Incorrect decimal value: 'NaN' for column 'roi_rate' at row 1
    at Query.onResult (C:\Users\user\Eckard\eckard-backend\node_modules\mysql2\lib\promise\make_done_cb.js:6:24)
    at Query.execute (C:\Users\user\Eckard\eckard-backend\node_modules\mysql2\lib\commands\command.js:36:14)
    at PoolConnection.handlePacket (C:\Users\user\Eckard\eckard-backend\node_modules\mysql2\lib\base\connection.js:552:34)
    at PacketParser.onPacket (C:\Users\user\Eckard\eckard-backend\node_modules\mysql2\lib\base\connection.js:102:12)
    at PacketParser.executeStart (C:\Users\user\Eckard\eckard-backend\node_modules\mysql2\lib\packet_parser.js:75:16)
    at Socket.<anonymous> (C:\Users\user\Eckard\eckard-backend\node_modules\mysql2\lib\base\connection.js:109:25)
    at Socket.emit (node:events:524:28)
    at addChunk (node:internal/streams/readable:561:12)
    at readableAddChunkPushByteMode (node:internal/streams/readable:512:3)
    at Readable.push (node:internal/streams/readable:392:5)
